-------------------------------------------------------------------------------
Test set: com.library.LibraryApplicationTests
-------------------------------------------------------------------------------
Tests run: 2, Failures: 0, Errors: 1, Skipped: 0, Time elapsed: 4.748 s <<< FAILURE! -- in com.library.LibraryApplicationTests
com.library.LibraryApplicationTests.verifyModules -- Time elapsed: 0.638 s <<< ERROR!
org.springframework.modulith.core.Violations: 
- Module 'catalog' depends on non-exposed type com.library.lending.domain.LoanClosed within module 'lending'!
LoanClosed declares parameter LoanClosed.handle(LoanClosed) in (DomainEventListener.java:0)
- Module 'catalog' depends on non-exposed type com.library.lending.domain.LoanCreated within module 'lending'!
LoanCreated declares parameter LoanCreated.handle(LoanCreated) in (DomainEventListener.java:0)
- Module 'catalog' depends on non-exposed type com.library.lending.domain.CopyId within module 'lending'!
Method <com.library.catalog.application.DomainEventListener.handle(com.library.lending.domain.LoanCreated)> calls method <com.library.lending.domain.CopyId.id()> in (DomainEventListener.java:22)
- Module 'catalog' depends on non-exposed type com.library.lending.domain.LoanCreated within module 'lending'!
Method <com.library.catalog.application.DomainEventListener.handle(com.library.lending.domain.LoanCreated)> calls method <com.library.lending.domain.LoanCreated.copyId()> in (DomainEventListener.java:22)
- Module 'catalog' depends on non-exposed type com.library.lending.domain.LoanClosed within module 'lending'!
Method <com.library.catalog.application.DomainEventListener.handle(com.library.lending.domain.LoanClosed)> calls method <com.library.lending.domain.LoanClosed.copyId()> in (DomainEventListener.java:29)
- Module 'catalog' depends on non-exposed type com.library.lending.domain.CopyId within module 'lending'!
Method <com.library.catalog.application.DomainEventListener.handle(com.library.lending.domain.LoanClosed)> calls method <com.library.lending.domain.CopyId.id()> in (DomainEventListener.java:29)
- Module 'catalog' depends on non-exposed type com.library.lending.domain.LoanCreated within module 'lending'!
Method <com.library.catalog.application.DomainEventListener.handle(com.library.lending.domain.LoanCreated)> has parameter of type <com.library.lending.domain.LoanCreated> in (DomainEventListener.java:0)
- Module 'catalog' depends on non-exposed type com.library.lending.domain.LoanClosed within module 'lending'!
Method <com.library.catalog.application.DomainEventListener.handle(com.library.lending.domain.LoanClosed)> has parameter of type <com.library.lending.domain.LoanClosed> in (DomainEventListener.java:0)
	at org.springframework.modulith.core.Violations.and(Violations.java:133)
	at java.base/java.util.stream.ReduceOps$1ReducingSink.accept(ReduceOps.java:80)
	at java.base/java.util.stream.ReferencePipeline$3$1.accept(ReferencePipeline.java:215)
	at java.base/java.util.HashMap$ValueSpliterator.forEachRemaining(HashMap.java:1788)
	at java.base/java.util.stream.Streams$ConcatSpliterator.forEachRemaining(Streams.java:735)
	at java.base/java.util.stream.AbstractPipeline.copyInto(AbstractPipeline.java:570)
	at java.base/java.util.stream.AbstractPipeline.wrapAndCopyInto(AbstractPipeline.java:560)
	at java.base/java.util.stream.ReduceOps$ReduceOp.evaluateSequential(ReduceOps.java:921)
	at java.base/java.util.stream.AbstractPipeline.evaluate(AbstractPipeline.java:265)
	at java.base/java.util.stream.ReferencePipeline.reduce(ReferencePipeline.java:697)
	at org.springframework.modulith.core.ApplicationModules.detectViolations(ApplicationModules.java:464)
	at org.springframework.modulith.core.ApplicationModules.verify(ApplicationModules.java:429)
	at com.library.LibraryApplicationTests.verifyModules(LibraryApplicationTests.java:18)
	at java.base/java.lang.reflect.Method.invoke(Method.java:580)
	at java.base/java.util.ArrayList.forEach(ArrayList.java:1597)
	at java.base/java.util.ArrayList.forEach(ArrayList.java:1597)

