<?xml version="1.0" encoding="UTF-8"?>
<testsuite xmlns:xsi="http://www.w3.org/2001/XMLSchema-instance" xsi:noNamespaceSchemaLocation="https://maven.apache.org/surefire/maven-surefire-plugin/xsd/surefire-test-report-3.0.xsd" version="3.0" name="com.library.catalog.acceptance.BookResourceAcceptanceTests" time="4.639" tests="2" errors="0" skipped="0" failures="0">
  <properties>
[...]
</properties>
  <testcase name="contextLoads" classname="com.library.catalog.acceptance.BookResourceAcceptanceTests" time="0.109">
    <system-out><![CDATA[2024-09-30T16:49:09.010+02:00  INFO 55817 --- [library] [           main] org.testcontainers.images.PullPolicy     : Image pull policy will be performed by: DefaultPullPolicy()
2024-09-30T16:49:09.011+02:00  INFO 55817 --- [library] [           main] o.t.utility.ImageNameSubstitutor         : Image name substitution will be performed by: DefaultImageNameSubstitutor (composite of 'ConfigurationFileImageNameSubstitutor' and 'PrefixingImageNameSubstitutor')
2024-09-30T16:49:09.115+02:00  INFO 55817 --- [library] [           main] o.t.d.DockerClientProviderStrategy       : Loaded org.testcontainers.dockerclient.UnixSocketClientProviderStrategy from ~/.testcontainers.properties, will try it first
2024-09-30T16:49:09.273+02:00  INFO 55817 --- [library] [           main] o.t.d.DockerClientProviderStrategy       : Found Docker environment with local Unix socket (unix:///var/run/docker.sock)
2024-09-30T16:49:09.274+02:00  INFO 55817 --- [library] [           main] org.testcontainers.DockerClientFactory   : Docker host IP address is localhost
2024-09-30T16:49:09.287+02:00  INFO 55817 --- [library] [           main] org.testcontainers.DockerClientFactory   : Connected to docker: 
  Server Version: 25.0.3
  API Version: 1.44
  Operating System: Docker Desktop
  Total Memory: 7841 MB
2024-09-30T16:49:09.291+02:00  INFO 55817 --- [library] [           main] org.testcontainers.DockerClientFactory   : Checking the system...
2024-09-30T16:49:09.291+02:00  INFO 55817 --- [library] [           main] org.testcontainers.DockerClientFactory   : ✔︎ Docker server version should be at least 1.6.0
2024-09-30T16:49:09.325+02:00  INFO 55817 --- [library] [           main] tc.postgres:15.3-alpine                  : Creating container for image: postgres:15.3-alpine
2024-09-30T16:49:09.425+02:00  INFO 55817 --- [library] [           main] o.t.utility.RegistryAuthLocator          : Credential helper/store (docker-credential-desktop) does not have credentials for https://index.docker.io/v1/
2024-09-30T16:49:09.429+02:00  INFO 55817 --- [library] [           main] tc.testcontainers/ryuk:0.7.0             : Creating container for image: testcontainers/ryuk:0.7.0
2024-09-30T16:49:09.510+02:00  INFO 55817 --- [library] [           main] tc.testcontainers/ryuk:0.7.0             : Container testcontainers/ryuk:0.7.0 is starting: 87d8cd5c0ce2bafff3fadca793086e35d88d2b20fa66923fa1fe9d5f2c73251e
2024-09-30T16:49:09.810+02:00  INFO 55817 --- [library] [           main] tc.testcontainers/ryuk:0.7.0             : Container testcontainers/ryuk:0.7.0 started in PT0.380469S
2024-09-30T16:49:09.846+02:00  INFO 55817 --- [library] [           main] tc.postgres:15.3-alpine                  : Container postgres:15.3-alpine is starting: 3a28be0a894d24b8e6ab179e3fb73591865369c409f3d945408b9a5e230f5c2f
2024-09-30T16:49:10.887+02:00  INFO 55817 --- [library] [           main] tc.postgres:15.3-alpine                  : Container postgres:15.3-alpine started in PT1.56142S
2024-09-30T16:49:10.888+02:00  INFO 55817 --- [library] [           main] tc.postgres:15.3-alpine                  : Container is started (JDBC URL: jdbc:postgresql://localhost:65420/springbootdevservices?loggerLevel=OFF)
2024-09-30T16:49:10.892+02:00  INFO 55817 --- [library] [           main] t.c.s.AnnotationConfigContextLoaderUtils : Could not detect default configuration classes for test class [com.library.catalog.acceptance.BookResourceAcceptanceTests]: BookResourceAcceptanceTests does not declare any static, non-private, non-final, nested classes annotated with @Configuration.
2024-09-30T16:49:10.908+02:00  INFO 55817 --- [library] [           main] .b.t.c.SpringBootTestContextBootstrapper : Found @SpringBootConfiguration com.library.LibraryApplication for test class com.library.catalog.acceptance.BookResourceAcceptanceTests

  .   ____          _            __ _ _
 /\\ / ___'_ __ _ _(_)_ __  __ _ \ \ \ \
( ( )\___ | '_ | '_| | '_ \/ _` | \ \ \ \
 \\/  ___)| |_)| | | | | || (_| |  ) ) ) )
  '  |____| .__|_| |_|_| |_\__, | / / / /
 =========|_|==============|___/=/_/_/_/

 :: Spring Boot ::                (v3.3.4)

2024-09-30T16:49:10.944+02:00  INFO 55817 --- [library] [           main] c.l.c.a.BookResourceAcceptanceTests      : Starting BookResourceAcceptanceTests using Java 23 with PID 55817 (started by andres in /Users/andres/Documents/Proyectos/Side Projects/library-ddd)
2024-09-30T16:49:10.944+02:00  INFO 55817 --- [library] [           main] c.l.c.a.BookResourceAcceptanceTests      : The following 1 profile is active: "test"
2024-09-30T16:49:11.145+02:00  INFO 55817 --- [library] [           main] .s.d.r.c.RepositoryConfigurationDelegate : Bootstrapping Spring Data JPA repositories in DEFAULT mode.
2024-09-30T16:49:11.170+02:00  INFO 55817 --- [library] [           main] .s.d.r.c.RepositoryConfigurationDelegate : Finished Spring Data repository scanning in 21 ms. Found 3 JPA repository interfaces.
2024-09-30T16:49:11.503+02:00  INFO 55817 --- [library] [           main] o.s.b.w.embedded.tomcat.TomcatWebServer  : Tomcat initialized with port 0 (http)
2024-09-30T16:49:11.510+02:00  INFO 55817 --- [library] [           main] o.apache.catalina.core.StandardService   : Starting service [Tomcat]
2024-09-30T16:49:11.511+02:00  INFO 55817 --- [library] [           main] o.apache.catalina.core.StandardEngine    : Starting Servlet engine: [Apache Tomcat/10.1.30]
2024-09-30T16:49:11.535+02:00  INFO 55817 --- [library] [           main] o.a.c.c.C.[Tomcat].[localhost].[/]       : Initializing Spring embedded WebApplicationContext
2024-09-30T16:49:11.535+02:00  INFO 55817 --- [library] [           main] w.s.c.ServletWebServerApplicationContext : Root WebApplicationContext: initialization completed in 590 ms
2024-09-30T16:49:11.786+02:00  INFO 55817 --- [library] [           main] org.flywaydb.core.FlywayExecutor         : Database: jdbc:postgresql://localhost:65420/springbootdevservices (PostgreSQL 15.3)
2024-09-30T16:49:11.822+02:00  INFO 55817 --- [library] [           main] o.f.c.i.s.JdbcTableSchemaHistory         : Schema history table "public"."flyway_schema_history" does not exist yet
2024-09-30T16:49:11.824+02:00  INFO 55817 --- [library] [           main] o.f.core.internal.command.DbValidate     : Successfully validated 2 migrations (execution time 00:00.011s)
2024-09-30T16:49:11.841+02:00  INFO 55817 --- [library] [           main] o.f.c.i.s.JdbcTableSchemaHistory         : Creating Schema History table "public"."flyway_schema_history" ...
2024-09-30T16:49:11.892+02:00  INFO 55817 --- [library] [           main] o.f.core.internal.command.DbMigrate      : Current version of schema "public": << Empty Schema >>
2024-09-30T16:49:11.896+02:00  INFO 55817 --- [library] [           main] o.f.core.internal.command.DbMigrate      : Migrating schema "public" to version "0.1 - init schema"
2024-09-30T16:49:11.921+02:00  INFO 55817 --- [library] [           main] o.f.core.internal.command.DbMigrate      : Migrating schema "public" to version "0.1.1 - init data"
2024-09-30T16:49:11.938+02:00  INFO 55817 --- [library] [           main] o.f.core.internal.command.DbMigrate      : Successfully applied 2 migrations to schema "public", now at version v0.1.1 (execution time 00:00.010s)
2024-09-30T16:49:11.982+02:00  INFO 55817 --- [library] [           main] o.hibernate.jpa.internal.util.LogHelper  : HHH000204: Processing PersistenceUnitInfo [name: default]
2024-09-30T16:49:12.005+02:00  INFO 55817 --- [library] [           main] org.hibernate.Version                    : HHH000412: Hibernate ORM core version 6.5.3.Final
2024-09-30T16:49:12.019+02:00  INFO 55817 --- [library] [           main] o.h.c.internal.RegionFactoryInitiator    : HHH000026: Second-level cache disabled
2024-09-30T16:49:12.064+02:00  INFO 55817 --- [library] [           main] o.s.o.j.p.SpringPersistenceUnitInfo      : No LoadTimeWeaver setup: ignoring JPA class transformer
2024-09-30T16:49:12.076+02:00  INFO 55817 --- [library] [           main] com.zaxxer.hikari.HikariDataSource       : HikariPool-1 - Starting...
2024-09-30T16:49:12.098+02:00  INFO 55817 --- [library] [           main] com.zaxxer.hikari.pool.HikariPool        : HikariPool-1 - Added connection org.postgresql.jdbc.PgConnection@6225c800
2024-09-30T16:49:12.099+02:00  INFO 55817 --- [library] [           main] com.zaxxer.hikari.HikariDataSource       : HikariPool-1 - Start completed.
2024-09-30T16:49:12.635+02:00  INFO 55817 --- [library] [           main] o.h.e.t.j.p.i.JtaPlatformInitiator       : HHH000489: No JTA platform available (set 'hibernate.transaction.jta.platform' to enable JTA platform integration)
2024-09-30T16:49:12.636+02:00  INFO 55817 --- [library] [           main] j.LocalContainerEntityManagerFactoryBean : Initialized JPA EntityManagerFactory for persistence unit 'default'
2024-09-30T16:49:12.832+02:00  INFO 55817 --- [library] [           main] o.s.d.j.r.query.QueryEnhancerFactory     : Hibernate is in classpath; If applicable, HQL parser will be used.
2024-09-30T16:49:13.081+02:00  WARN 55817 --- [library] [           main] JpaBaseConfiguration$JpaWebConfiguration : spring.jpa.open-in-view is enabled by default. Therefore, database queries may be performed during view rendering. Explicitly configure spring.jpa.open-in-view to disable this warning
2024-09-30T16:49:13.176+02:00  INFO 55817 --- [library] [           main] efaultSchemaResourceGraphQlSourceBuilder : Loaded 1 resource(s) in the GraphQL schema.
2024-09-30T16:49:13.180+02:00  INFO 55817 --- [library] [           main] o.s.b.a.g.GraphQlAutoConfiguration       : GraphQL schema inspection:
	Unmapped fields: {}
	Unmapped registrations: {}
	Unmapped arguments: {}
	Skipped types: []
2024-09-30T16:49:13.186+02:00  INFO 55817 --- [library] [           main] s.b.a.g.s.GraphQlWebMvcAutoConfiguration : GraphQL endpoint HTTP POST /graphql
2024-09-30T16:49:13.368+02:00  INFO 55817 --- [library] [           main] o.s.b.w.embedded.tomcat.TomcatWebServer  : Tomcat started on port 65434 (http) with context path '/'
2024-09-30T16:49:13.373+02:00  INFO 55817 --- [library] [           main] o.s.s.config.TaskSchedulerRouter         : No TaskScheduler/ScheduledExecutorService bean found for scheduled processing
2024-09-30T16:49:13.375+02:00  INFO 55817 --- [library] [           main] c.l.c.a.BookResourceAcceptanceTests      : Started BookResourceAcceptanceTests in 2.461 seconds (process running for 6.065)
]]></system-out>
  </testcase>
  <testcase name="testFindBookByIdShouldReturnFirstBook" classname="com.library.catalog.acceptance.BookResourceAcceptanceTests" time="0.148">
    <system-out><![CDATA[2024-09-30T16:49:13.550+02:00  INFO 55817 --- [library] [o-auto-1-exec-1] o.a.c.c.C.[Tomcat].[localhost].[/]       : Initializing Spring DispatcherServlet 'dispatcherServlet'
2024-09-30T16:49:13.550+02:00  INFO 55817 --- [library] [o-auto-1-exec-1] o.s.web.servlet.DispatcherServlet        : Initializing Servlet 'dispatcherServlet'
2024-09-30T16:49:13.551+02:00  INFO 55817 --- [library] [o-auto-1-exec-1] o.s.web.servlet.DispatcherServlet        : Completed initialization in 1 ms
2024-09-30T16:49:13.567+02:00  INFO 55817 --- [library] [o-auto-1-exec-1] com.library.UseCaseLoggingAdvice         : Executing use case: class com.library.catalog.application.SearchBookUseCase#findById with parameters: [d9b1d7e3-54e1-48d8-9bb4-70af9d7f9f94]
Hibernate: select b1_0.id,b1_0.isbn,b1_0.title from book b1_0 where b1_0.id=?
2024-09-30T16:49:13.603+02:00  INFO 55817 --- [library] [o-auto-1-exec-1] com.library.UseCaseLoggingAdvice         : Finished executing use case class com.library.catalog.application.SearchBookUseCase#findById in 35ms
]]></system-out>
  </testcase>
</testsuite>