<?xml version="1.0" encoding="UTF-8"?>
<testsuite xmlns:xsi="http://www.w3.org/2001/XMLSchema-instance" xsi:noNamespaceSchemaLocation="https://maven.apache.org/surefire/maven-surefire-plugin/xsd/surefire-test-report-3.0.xsd" version="3.0" name="com.library.LibraryApplicationTests" time="4.748" tests="2" errors="1" skipped="0" failures="0">
  <properties>
[...]
</properties>
  <testcase name="contextLoads" classname="com.library.LibraryApplicationTests" time="0.002">
    <system-out><![CDATA[2024-09-30T16:49:13.637+02:00  INFO 55817 --- [library] [           main] t.c.s.AnnotationConfigContextLoaderUtils : Could not detect default configuration classes for test class [com.library.LibraryApplicationTests]: LibraryApplicationTests does not declare any static, non-private, non-final, nested classes annotated with @Configuration.
2024-09-30T16:49:13.642+02:00  INFO 55817 --- [library] [           main] .b.t.c.SpringBootTestContextBootstrapper : Found @SpringBootConfiguration com.library.LibraryApplication for test class com.library.LibraryApplicationTests

  .   ____          _            __ _ _
 /\\ / ___'_ __ _ _(_)_ __  __ _ \ \ \ \
( ( )\___ | '_ | '_| | '_ \/ _` | \ \ \ \
 \\/  ___)| |_)| | | | | || (_| |  ) ) ) )
  '  |____| .__|_| |_|_| |_\__, | / / / /
 =========|_|==============|___/=/_/_/_/

 :: Spring Boot ::                (v3.3.4)

2024-09-30T16:49:13.655+02:00  INFO 55817 --- [library] [           main] com.library.LibraryApplicationTests      : Starting LibraryApplicationTests using Java 23 with PID 55817 (started by andres in /Users/andres/Documents/Proyectos/Side Projects/library-ddd)
2024-09-30T16:49:13.655+02:00  INFO 55817 --- [library] [           main] com.library.LibraryApplicationTests      : No active profile set, falling back to 1 default profile: "default"
2024-09-30T16:49:13.718+02:00  INFO 55817 --- [library] [           main] .s.d.r.c.RepositoryConfigurationDelegate : Bootstrapping Spring Data JPA repositories in DEFAULT mode.
2024-09-30T16:49:13.724+02:00  INFO 55817 --- [library] [           main] .s.d.r.c.RepositoryConfigurationDelegate : Finished Spring Data repository scanning in 6 ms. Found 3 JPA repository interfaces.
2024-09-30T16:49:13.771+02:00  INFO 55817 --- [library] [           main] tc.confluentinc/cp-kafka:latest          : Creating container for image: confluentinc/cp-kafka:latest
2024-09-30T16:49:13.828+02:00  INFO 55817 --- [library] [           main] tc.confluentinc/cp-kafka:latest          : Container confluentinc/cp-kafka:latest is starting: 0385ca1d7a02b92df6183a8e91138ecd469da1191ac03db2bae792c230cc34f2
2024-09-30T16:49:16.416+02:00  INFO 55817 --- [library] [           main] tc.confluentinc/cp-kafka:latest          : Container confluentinc/cp-kafka:latest started in PT2.645795S
2024-09-30T16:49:16.418+02:00  INFO 55817 --- [library] [           main] tc.postgres:latest                       : Creating container for image: postgres:latest
2024-09-30T16:49:16.454+02:00  INFO 55817 --- [library] [           main] tc.postgres:latest                       : Container postgres:latest is starting: 0860576797e23022a0a254d803479ef3acb71a365e9e44baa363cd5ac313446a
2024-09-30T16:49:17.334+02:00  INFO 55817 --- [library] [           main] tc.postgres:latest                       : Container postgres:latest started in PT0.916647S
2024-09-30T16:49:17.335+02:00  INFO 55817 --- [library] [           main] tc.postgres:latest                       : Container is started (JDBC URL: jdbc:postgresql://localhost:30000/library_test?loggerLevel=OFF)
2024-09-30T16:49:17.397+02:00  INFO 55817 --- [library] [           main] org.flywaydb.core.FlywayExecutor         : Database: jdbc:postgresql://localhost:30000/library_test (PostgreSQL 16.2)
2024-09-30T16:49:17.401+02:00  INFO 55817 --- [library] [           main] o.f.c.i.s.JdbcTableSchemaHistory         : Schema history table "public"."flyway_schema_history" does not exist yet
2024-09-30T16:49:17.402+02:00  INFO 55817 --- [library] [           main] o.f.core.internal.command.DbValidate     : Successfully validated 2 migrations (execution time 00:00.002s)
2024-09-30T16:49:17.407+02:00  INFO 55817 --- [library] [           main] o.f.c.i.s.JdbcTableSchemaHistory         : Creating Schema History table "public"."flyway_schema_history" ...
2024-09-30T16:49:17.419+02:00  INFO 55817 --- [library] [           main] o.f.core.internal.command.DbMigrate      : Current version of schema "public": << Empty Schema >>
2024-09-30T16:49:17.421+02:00  INFO 55817 --- [library] [           main] o.f.core.internal.command.DbMigrate      : Migrating schema "public" to version "0.1 - init schema"
2024-09-30T16:49:17.427+02:00  INFO 55817 --- [library] [           main] o.f.core.internal.command.DbMigrate      : Migrating schema "public" to version "0.1.1 - init data"
2024-09-30T16:49:17.431+02:00  INFO 55817 --- [library] [           main] o.f.core.internal.command.DbMigrate      : Successfully applied 2 migrations to schema "public", now at version v0.1.1 (execution time 00:00.003s)
2024-09-30T16:49:17.442+02:00  INFO 55817 --- [library] [           main] o.hibernate.jpa.internal.util.LogHelper  : HHH000204: Processing PersistenceUnitInfo [name: default]
2024-09-30T16:49:17.443+02:00  INFO 55817 --- [library] [           main] o.h.c.internal.RegionFactoryInitiator    : HHH000026: Second-level cache disabled
2024-09-30T16:49:17.447+02:00  INFO 55817 --- [library] [           main] o.s.o.j.p.SpringPersistenceUnitInfo      : No LoadTimeWeaver setup: ignoring JPA class transformer
2024-09-30T16:49:17.448+02:00  INFO 55817 --- [library] [           main] com.zaxxer.hikari.HikariDataSource       : HikariPool-2 - Starting...
2024-09-30T16:49:17.452+02:00  INFO 55817 --- [library] [           main] com.zaxxer.hikari.pool.HikariPool        : HikariPool-2 - Added connection org.postgresql.jdbc.PgConnection@4a61254b
2024-09-30T16:49:17.453+02:00  INFO 55817 --- [library] [           main] com.zaxxer.hikari.HikariDataSource       : HikariPool-2 - Start completed.
2024-09-30T16:49:17.490+02:00  INFO 55817 --- [library] [           main] o.h.e.t.j.p.i.JtaPlatformInitiator       : HHH000489: No JTA platform available (set 'hibernate.transaction.jta.platform' to enable JTA platform integration)
2024-09-30T16:49:17.491+02:00  INFO 55817 --- [library] [           main] j.LocalContainerEntityManagerFactoryBean : Initialized JPA EntityManagerFactory for persistence unit 'default'
2024-09-30T16:49:17.597+02:00  WARN 55817 --- [library] [           main] JpaBaseConfiguration$JpaWebConfiguration : spring.jpa.open-in-view is enabled by default. Therefore, database queries may be performed during view rendering. Explicitly configure spring.jpa.open-in-view to disable this warning
2024-09-30T16:49:17.630+02:00  INFO 55817 --- [library] [           main] efaultSchemaResourceGraphQlSourceBuilder : Loaded 1 resource(s) in the GraphQL schema.
2024-09-30T16:49:17.636+02:00  INFO 55817 --- [library] [           main] o.s.b.a.g.GraphQlAutoConfiguration       : GraphQL schema inspection:
	Unmapped fields: {}
	Unmapped registrations: {}
	Unmapped arguments: {}
	Skipped types: []
2024-09-30T16:49:17.640+02:00  INFO 55817 --- [library] [           main] s.b.a.g.s.GraphQlWebMvcAutoConfiguration : GraphQL endpoint HTTP POST /graphql
2024-09-30T16:49:17.738+02:00  INFO 55817 --- [library] [           main] o.s.s.config.TaskSchedulerRouter         : No TaskScheduler/ScheduledExecutorService bean found for scheduled processing
2024-09-30T16:49:17.739+02:00  INFO 55817 --- [library] [           main] com.library.LibraryApplicationTests      : Started LibraryApplicationTests in 4.093 seconds (process running for 10.428)
]]></system-out>
  </testcase>
  <testcase name="verifyModules" classname="com.library.LibraryApplicationTests" time="0.638">
    <error message="- Module &apos;catalog&apos; depends on non-exposed type com.library.lending.domain.LoanClosed within module &apos;lending&apos;!&#10;LoanClosed declares parameter LoanClosed.handle(LoanClosed) in (DomainEventListener.java:0)&#10;- Module &apos;catalog&apos; depends on non-exposed type com.library.lending.domain.LoanCreated within module &apos;lending&apos;!&#10;LoanCreated declares parameter LoanCreated.handle(LoanCreated) in (DomainEventListener.java:0)&#10;- Module &apos;catalog&apos; depends on non-exposed type com.library.lending.domain.CopyId within module &apos;lending&apos;!&#10;Method &lt;com.library.catalog.application.DomainEventListener.handle(com.library.lending.domain.LoanCreated)&gt; calls method &lt;com.library.lending.domain.CopyId.id()&gt; in (DomainEventListener.java:22)&#10;- Module &apos;catalog&apos; depends on non-exposed type com.library.lending.domain.LoanCreated within module &apos;lending&apos;!&#10;Method &lt;com.library.catalog.application.DomainEventListener.handle(com.library.lending.domain.LoanCreated)&gt; calls method &lt;com.library.lending.domain.LoanCreated.copyId()&gt; in (DomainEventListener.java:22)&#10;- Module &apos;catalog&apos; depends on non-exposed type com.library.lending.domain.LoanClosed within module &apos;lending&apos;!&#10;Method &lt;com.library.catalog.application.DomainEventListener.handle(com.library.lending.domain.LoanClosed)&gt; calls method &lt;com.library.lending.domain.LoanClosed.copyId()&gt; in (DomainEventListener.java:29)&#10;- Module &apos;catalog&apos; depends on non-exposed type com.library.lending.domain.CopyId within module &apos;lending&apos;!&#10;Method &lt;com.library.catalog.application.DomainEventListener.handle(com.library.lending.domain.LoanClosed)&gt; calls method &lt;com.library.lending.domain.CopyId.id()&gt; in (DomainEventListener.java:29)&#10;- Module &apos;catalog&apos; depends on non-exposed type com.library.lending.domain.LoanCreated within module &apos;lending&apos;!&#10;Method &lt;com.library.catalog.application.DomainEventListener.handle(com.library.lending.domain.LoanCreated)&gt; has parameter of type &lt;com.library.lending.domain.LoanCreated&gt; in (DomainEventListener.java:0)&#10;- Module &apos;catalog&apos; depends on non-exposed type com.library.lending.domain.LoanClosed within module &apos;lending&apos;!&#10;Method &lt;com.library.catalog.application.DomainEventListener.handle(com.library.lending.domain.LoanClosed)&gt; has parameter of type &lt;com.library.lending.domain.LoanClosed&gt; in (DomainEventListener.java:0)" type="org.springframework.modulith.core.Violations"><![CDATA[org.springframework.modulith.core.Violations: 
- Module 'catalog' depends on non-exposed type com.library.lending.domain.LoanClosed within module 'lending'!
LoanClosed declares parameter LoanClosed.handle(LoanClosed) in (DomainEventListener.java:0)
- Module 'catalog' depends on non-exposed type com.library.lending.domain.LoanCreated within module 'lending'!
LoanCreated declares parameter LoanCreated.handle(LoanCreated) in (DomainEventListener.java:0)
- Module 'catalog' depends on non-exposed type com.library.lending.domain.CopyId within module 'lending'!
Method <com.library.catalog.application.DomainEventListener.handle(com.library.lending.domain.LoanCreated)> calls method <com.library.lending.domain.CopyId.id()> in (DomainEventListener.java:22)
- Module 'catalog' depends on non-exposed type com.library.lending.domain.LoanCreated within module 'lending'!
Method <com.library.catalog.application.DomainEventListener.handle(com.library.lending.domain.LoanCreated)> calls method <com.library.lending.domain.LoanCreated.copyId()> in (DomainEventListener.java:22)
- Module 'catalog' depends on non-exposed type com.library.lending.domain.LoanClosed within module 'lending'!
Method <com.library.catalog.application.DomainEventListener.handle(com.library.lending.domain.LoanClosed)> calls method <com.library.lending.domain.LoanClosed.copyId()> in (DomainEventListener.java:29)
- Module 'catalog' depends on non-exposed type com.library.lending.domain.CopyId within module 'lending'!
Method <com.library.catalog.application.DomainEventListener.handle(com.library.lending.domain.LoanClosed)> calls method <com.library.lending.domain.CopyId.id()> in (DomainEventListener.java:29)
- Module 'catalog' depends on non-exposed type com.library.lending.domain.LoanCreated within module 'lending'!
Method <com.library.catalog.application.DomainEventListener.handle(com.library.lending.domain.LoanCreated)> has parameter of type <com.library.lending.domain.LoanCreated> in (DomainEventListener.java:0)
- Module 'catalog' depends on non-exposed type com.library.lending.domain.LoanClosed within module 'lending'!
Method <com.library.catalog.application.DomainEventListener.handle(com.library.lending.domain.LoanClosed)> has parameter of type <com.library.lending.domain.LoanClosed> in (DomainEventListener.java:0)
	at org.springframework.modulith.core.Violations.and(Violations.java:133)
	at java.base/java.util.stream.ReduceOps$1ReducingSink.accept(ReduceOps.java:80)
	at java.base/java.util.stream.ReferencePipeline$3$1.accept(ReferencePipeline.java:215)
	at java.base/java.util.HashMap$ValueSpliterator.forEachRemaining(HashMap.java:1788)
	at java.base/java.util.stream.Streams$ConcatSpliterator.forEachRemaining(Streams.java:735)
	at java.base/java.util.stream.AbstractPipeline.copyInto(AbstractPipeline.java:570)
	at java.base/java.util.stream.AbstractPipeline.wrapAndCopyInto(AbstractPipeline.java:560)
	at java.base/java.util.stream.ReduceOps$ReduceOp.evaluateSequential(ReduceOps.java:921)
	at java.base/java.util.stream.AbstractPipeline.evaluate(AbstractPipeline.java:265)
	at java.base/java.util.stream.ReferencePipeline.reduce(ReferencePipeline.java:697)
	at org.springframework.modulith.core.ApplicationModules.detectViolations(ApplicationModules.java:464)
	at org.springframework.modulith.core.ApplicationModules.verify(ApplicationModules.java:429)
	at com.library.LibraryApplicationTests.verifyModules(LibraryApplicationTests.java:18)
	at java.base/java.lang.reflect.Method.invoke(Method.java:580)
	at java.base/java.util.ArrayList.forEach(ArrayList.java:1597)
	at java.base/java.util.ArrayList.forEach(ArrayList.java:1597)
]]></error>
    <system-out><![CDATA[2024-09-30T16:49:17.770+02:00  INFO 55817 --- [library] [           main] com.tngtech.archunit.core.PluginLoader   : Detected Java version 23
]]></system-out>
  </testcase>
</testsuite>